<?xml version="1.0" encoding="UTF-8"?>
<testng-results skipped="0" failed="0" ignored="1" total="2" passed="1">
  <reporter-output>
  </reporter-output>
  <suite name="Default suite" duration-ms="3213" started-at="2021-11-09T12:02:45Z" finished-at="2021-11-09T12:02:49Z">
    <groups>
    </groups>
    <test name="Default test" duration-ms="3213" started-at="2021-11-09T12:02:45Z" finished-at="2021-11-09T12:02:49Z">
      <class name="day1.GitHubExample">
        <test-method status="PASS" signature="addRepository()[pri:0, instance:day1.GitHubExample@4df50bcc]" name="addRepository" duration-ms="3168" started-at="2021-11-09T12:02:45Z" description="adding repository" finished-at="2021-11-09T12:02:49Z">
          <reporter-output>
          </reporter-output>
        </test-method> <!-- addRepository -->
      </class> <!-- day1.GitHubExample -->
    </test> <!-- Default test -->
  </suite> <!-- Default suite -->
</testng-results>
